start
end
run test
[0.015] GeneralQuery #1 id:1/200 started
[0.023] GeneralQuery #2 id:2/200 started
[0.028] GeneralQuery #3 id:3/200 started
[0.034] GeneralQuery #4 id:4/200 started
[0.040] GeneralQuery #5 id:5/200 started
[0.047] GeneralQuery #6 id:6/200 started
[0.088] GeneralQuery #7 id:7/200 started
[0.096] GeneralQuery #8 id:8/200 started
[0.100] GeneralQuery #9 id:9/200 started
[0.105] GeneralQuery #10 id:10/200 started
[0.119] GeneralQuery #11 id:11/200 started
[0.125] GeneralQuery #12 id:12/200 started
[0.129] GeneralQuery #13 id:13/200 started
[0.135] GeneralQuery #14 id:14/200 started
[0.140] GeneralQuery #15 id:15/200 started
[0.145] GeneralQuery #16 id:16/200 started
[0.185] GeneralQuery #17 id:17/200 started
[0.189] GeneralQuery #18 id:18/200 started
[0.206] GeneralQuery #19 id:19/200 started
[0.225] GeneralQuery #20 id:20/200 started
[0.236] GeneralQuery #21 id:21/200 started
[0.246] GeneralQuery #22 id:22/200 started
[0.251] GeneralQuery #23 id:23/200 started
[0.257] GeneralQuery #24 id:24/200 started
[0.265] GeneralQuery #25 id:25/200 started
[0.275] GeneralQuery #26 id:26/200 started
[0.294] GeneralQuery #27 id:27/200 started
[0.301] GeneralQuery #28 id:28/200 started
[0.307] GeneralQuery #29 id:29/200 started
[0.313] GeneralQuery #30 id:30/200 started
'gen' sleep 0.682624176995887 seconds
[1.007] GeneralQuery #31 id:31/200 started
[1.013] GeneralQuery #32 id:32/200 started
[1.023] GeneralQuery #33 id:33/200 started
[1.029] GeneralQuery #34 id:34/200 started
[1.037] GeneralQuery #35 id:35/200 started
[1.092] GeneralQuery #36 id:36/200 started
[1.098] GeneralQuery #37 id:37/200 started
[1.106] GeneralQuery #38 id:38/200 started
[1.113] GeneralQuery #39 id:39/200 started
[1.122] GeneralQuery #40 id:40/200 started
[1.128] GeneralQuery #41 id:41/200 started
[1.191] GeneralQuery #42 id:42/200 started
[1.200] GeneralQuery #43 id:43/200 started
[1.207] GeneralQuery #44 id:44/200 started
[1.213] GeneralQuery #45 id:45/200 started
[1.223] GeneralQuery #46 id:46/200 started
[1.287] GeneralQuery #47 id:47/200 started
[1.294] GeneralQuery #48 id:48/200 started
[1.304] GeneralQuery #49 id:49/200 started
[1.315] GeneralQuery #50 id:50/200 started
[1.324] GeneralQuery #51 id:51/200 started
[1.390] GeneralQuery #52 id:52/200 started
[1.416] GeneralQuery #53 id:53/200 started
[1.491] GeneralQuery #54 id:54/200 started
[1.504] GeneralQuery #55 id:55/200 started
[1.519] GeneralQuery #56 id:56/200 started
[1.536] GeneralQuery #57 id:57/200 started
[1.591] GeneralQuery #58 id:58/200 started
[1.599] GeneralQuery #59 id:59/200 started
[1.604] GeneralQuery #60 id:60/200 started
'gen' sleep 0.3973783920009737 seconds
[2.021] GeneralQuery #61 id:61/200 started
[2.026] GeneralQuery #62 id:62/200 started
[2.031] GeneralQuery #63 id:63/200 started
[2.092] GeneralQuery #64 id:64/200 started
[2.099] GeneralQuery #65 id:65/200 started
[2.111] GeneralQuery #66 id:66/200 started
[2.115] GeneralQuery #67 id:67/200 started
[2.122] GeneralQuery #68 id:68/200 started
[2.130] ChatQuery #1 id:69/200 started
[2.186] ChannelQuery #1 id:70/200 started
[2.235] ChannelQuery #2 id:71/200 started
[2.241] ChannelQuery #3 id:72/200 started
[2.247] ChatQuery #2 id:73/200 started
[2.292] ChannelQuery #4 id:74/200 started
[2.299] ChannelQuery #5 id:75/200 started
[2.304] ChatQuery #3 id:76/200 started
[2.311] ChannelQuery #6 id:77/200 started
[2.317] ChatQuery #4 id:78/200 started
[2.387] ChannelQuery #7 id:79/200 started
[2.392] ChannelQuery #8 id:80/200 started
[2.405] ChatQuery #5 id:81/200 started
[2.424] ChatQuery #6 id:82/200 started
[2.488] ChatQuery #7 id:83/200 started
[2.500] ChatQuery #8 id:84/200 started
[2.507] ChatQuery #9 id:85/200 started
[2.514] ChannelQuery #9 id:86/200 started
[2.518] ChatQuery #10 id:87/200 started
[2.587] ChannelQuery #10 id:88/200 started
[2.599] ChannelQuery #11 id:89/200 started
[2.608] ChatQuery #11 id:90/200 started
'gen' sleep 0.40532964099838864 seconds
[3.030] ChatQuery #12 id:91/200 started
[3.036] ChatQuery #13 id:92/200 started
[3.047] ChannelQuery #12 id:93/200 started
[3.054] ChatQuery #14 id:94/200 started
[3.059] ChatQuery #15 id:95/200 started
[3.064] ChatQuery #16 id:96/200 started
[3.068] ChatQuery #17 id:97/200 started
[3.071] ChatQuery #18 id:98/200 started
[3.075] ChannelQuery #13 id:99/200 started
[3.079] ChatQuery #19 id:100/200 started
[3.084] ChannelQuery #14 id:101/200 started
[3.097] ChannelQuery #15 id:102/200 started
[3.113] ChannelQuery #16 id:103/200 started
[3.125] ChatQuery #20 id:104/200 started
[3.130] ChannelQuery #17 id:105/200 started
[3.138] ChannelQuery #18 id:106/200 started
[3.185] ChatQuery #21 id:107/200 started
[3.193] ChannelQuery #19 id:108/200 started
'ind2' sleep 56.80195588600327 seconds
[60.059] ChatQuery #22 id:109/200 started
[60.063] ChatQuery #23 id:110/200 started
[60.066] ChannelQuery #20 id:111/200 started
[60.069] ChatQuery #24 id:112/200 started
[60.073] ChatQuery #25 id:113/200 started
[60.076] ChatQuery #26 id:114/200 started
[60.079] ChannelQuery #21 id:115/200 started
[60.082] ChatQuery #27 id:116/200 started
[60.088] ChatQuery #28 id:117/200 started
[60.092] ChatQuery #29 id:118/200 started
[60.096] ChatQuery #30 id:119/200 started
[60.101] ChatQuery #31 id:120/200 started
[60.112] ChatQuery #32 id:121/200 started
[60.118] ChatQuery #33 id:122/200 started
[60.123] ChatQuery #34 id:123/200 started
[60.128] ChatQuery #35 id:124/200 started
[60.132] ChatQuery #36 id:125/200 started
[60.136] ChannelQuery #22 id:126/200 started
[60.141] ChatQuery #37 id:127/200 started
[60.144] ChannelQuery #23 id:128/200 started
[60.148] ChannelQuery #24 id:129/200 started
[60.150] ChannelQuery #25 id:130/200 started
[60.153] ChannelQuery #26 id:131/200 started
[60.189] ChatQuery #38 id:132/200 started
[60.201] ChannelQuery #27 id:133/200 started
[60.210] ChannelQuery #28 id:134/200 started
[60.216] ChatQuery #39 id:135/200 started
[60.228] ChatQuery #40 id:136/200 started
[60.232] ChannelQuery #29 id:137/200 started
[60.236] ChannelQuery #30 id:138/200 started
[60.245] ChannelQuery #31 id:139/200 started
'gen' sleep 0.8134707999997772 seconds
[61.085] ChatQuery #41 id:140/200 started
[61.094] ChatQuery #42 id:141/200 started
[61.098] ChannelQuery #32 id:142/200 started
'ind2' sleep 58.95660321399919 seconds
[120.123] ChatQuery #43 id:143/200 started
[120.126] ChatQuery #44 id:144/200 started
[120.130] ChatQuery #45 id:145/200 started
[120.134] ChatQuery #46 id:146/200 started
[120.138] ChannelQuery #33 id:147/200 started
[120.141] ChannelQuery #34 id:148/200 started
[120.144] ChannelQuery #35 id:149/200 started
[120.148] ChatQuery #47 id:150/200 started
[120.152] ChatQuery #48 id:151/200 started
[120.155] ChannelQuery #36 id:152/200 started
[120.159] ChatQuery #49 id:153/200 started
[120.162] ChatQuery #50 id:154/200 started
[120.170] ChannelQuery #37 id:155/200 started
[120.174] ChannelQuery #38 id:156/200 started
[120.177] ChatQuery #51 id:157/200 started
[120.195] ChatQuery #52 id:158/200 started
[120.203] ChatQuery #53 id:159/200 started
[120.208] ChannelQuery #39 id:160/200 started
[120.212] ChannelQuery #40 id:161/200 started
[120.215] ChannelQuery #41 id:162/200 started
[120.218] ChatQuery #54 id:163/200 started
[120.221] ChatQuery #55 id:164/200 started
[120.223] ChannelQuery #42 id:165/200 started
[120.227] ChatQuery #56 id:166/200 started
[120.230] ChannelQuery #43 id:167/200 started
[120.233] ChannelQuery #44 id:168/200 started
[120.236] ChatQuery #57 id:169/200 started
[120.247] ChannelQuery #45 id:170/200 started
[120.286] ChannelQuery #46 id:171/200 started
[120.292] ChatQuery #58 id:172/200 started
[120.297] ChannelQuery #47 id:173/200 started
'gen' sleep 0.8250004790024832 seconds
[121.131] ChatQuery #59 id:174/200 started
[121.188] ChatQuery #60 id:175/200 started
[121.192] ChatQuery #61 id:176/200 started
[121.196] ChannelQuery #48 id:177/200 started
[121.200] ChannelQuery #49 id:178/200 started
[121.204] ChannelQuery #50 id:179/200 started
[121.208] ChannelQuery #51 id:180/200 started
[121.211] ChannelQuery #52 id:181/200 started
'ind1' sleep 58.922703076998005 seconds
[121.218] ChatQuery #62 id:182/200 started
[121.222] ChatQuery #63 id:183/200 started
'ind2' sleep 58.83471888000349 seconds
[180.185] ChatQuery #64 id:184/200 started
[180.192] ChannelQuery #53 id:185/200 started
[180.203] ChatQuery #65 id:186/200 started
[180.212] ChannelQuery #54 id:187/200 started
[180.225] ChatQuery #66 id:188/200 started
[180.231] ChatQuery #67 id:189/200 started
[180.238] ChatQuery #68 id:190/200 started
[180.242] ChatQuery #69 id:191/200 started
[180.246] ChatQuery #70 id:192/200 started
[180.249] ChannelQuery #55 id:193/200 started
[180.252] ChannelQuery #56 id:194/200 started
[180.256] ChannelQuery #57 id:195/200 started
[180.259] ChannelQuery #58 id:196/200 started
[180.265] ChannelQuery #59 id:197/200 started
[180.288] ChannelQuery #60 id:198/200 started
[180.292] ChatQuery #71 id:199/200 started
[180.295] ChatQuery #72 id:200/200 started
server started
start
end
run test
[0.049] GeneralQuery #1 id:1/200 started
[0.056] GeneralQuery #2 id:2/200 started
[0.061] GeneralQuery #3 id:3/200 started
[0.065] GeneralQuery #4 id:4/200 started
[0.070] GeneralQuery #5 id:5/200 started
[0.074] GeneralQuery #6 id:6/200 started
[0.078] GeneralQuery #7 id:7/200 started
[0.082] GeneralQuery #8 id:8/200 started
[0.088] GeneralQuery #9 id:9/200 started
[0.098] GeneralQuery #10 id:10/200 started
[0.102] GeneralQuery #11 id:11/200 started
[0.149] GeneralQuery #12 id:12/200 started
[0.155] GeneralQuery #13 id:13/200 started
[0.159] GeneralQuery #14 id:14/200 started
[0.163] GeneralQuery #15 id:15/200 started
[0.167] GeneralQuery #16 id:16/200 started
[0.171] GeneralQuery #17 id:17/200 started
[0.176] GeneralQuery #18 id:18/200 started
[0.179] GeneralQuery #19 id:19/200 started
[0.183] GeneralQuery #20 id:20/200 started
[0.187] GeneralQuery #21 id:21/200 started
[0.190] GeneralQuery #22 id:22/200 started
[0.194] GeneralQuery #23 id:23/200 started
[0.197] GeneralQuery #24 id:24/200 started
[0.249] GeneralQuery #25 id:25/200 started
[0.253] GeneralQuery #26 id:26/200 started
[0.257] GeneralQuery #27 id:27/200 started
[0.262] GeneralQuery #28 id:28/200 started
[0.266] GeneralQuery #29 id:29/200 started
[0.270] GeneralQuery #30 id:30/200 started
'gen' sleep 0.7252032429969404 seconds
[1.008] GeneralQuery #31 id:31/200 started
[1.050] GeneralQuery #32 id:32/200 started
[1.054] GeneralQuery #33 id:33/200 started
[1.058] GeneralQuery #34 id:34/200 started
[1.068] GeneralQuery #35 id:35/200 started
[1.071] GeneralQuery #36 id:36/200 started
[1.076] GeneralQuery #37 id:37/200 started
[1.080] GeneralQuery #38 id:38/200 started
[1.149] GeneralQuery #39 id:39/200 started
[1.153] GeneralQuery #40 id:40/200 started
[1.168] GeneralQuery #41 id:41/200 started
[1.181] GeneralQuery #42 id:42/200 started
[1.196] GeneralQuery #43 id:43/200 started
[1.202] GeneralQuery #44 id:44/200 started
[1.210] GeneralQuery #45 id:45/200 started
[1.252] GeneralQuery #46 id:46/200 started
[1.258] GeneralQuery #47 id:47/200 started
[1.263] GeneralQuery #48 id:48/200 started
[1.270] GeneralQuery #49 id:49/200 started
[1.277] GeneralQuery #50 id:50/200 started
[1.283] GeneralQuery #51 id:51/200 started
[1.350] GeneralQuery #52 id:52/200 started
[1.355] GeneralQuery #53 id:53/200 started
[1.361] GeneralQuery #54 id:54/200 started
[1.366] GeneralQuery #55 id:55/200 started
[1.373] GeneralQuery #56 id:56/200 started
[1.453] GeneralQuery #57 id:57/200 started
[1.463] GeneralQuery #58 id:58/200 started
[1.470] GeneralQuery #59 id:59/200 started
[1.480] GeneralQuery #60 id:60/200 started
'gen' sleep 0.4582471350004198 seconds
limit 'ind2' unlocked
[2.021] ChatQuery #1 id:61/200 started
[2.050] ChannelQuery #1 id:62/200 started
[2.055] ChatQuery #2 id:63/200 started
[2.059] ChannelQuery #2 id:64/200 started
[2.072] ChannelQuery #3 id:65/200 started
[2.147] ChatQuery #3 id:66/200 started
[2.152] ChatQuery #4 id:67/200 started
[2.156] ChannelQuery #4 id:68/200 started
[2.160] ChatQuery #5 id:69/200 started
[2.164] ChannelQuery #5 id:70/200 started
[2.168] ChatQuery #6 id:71/200 started
[2.173] ChannelQuery #6 id:72/200 started
[2.252] ChatQuery #7 id:73/200 started
[2.256] ChannelQuery #7 id:74/200 started
[2.260] ChannelQuery #8 id:75/200 started
[2.265] ChatQuery #8 id:76/200 started
[2.275] ChatQuery #9 id:77/200 started
[2.278] ChannelQuery #9 id:78/200 started
[2.351] ChannelQuery #10 id:79/200 started
[2.355] ChatQuery #10 id:80/200 started
[2.360] ChatQuery #11 id:81/200 started
[2.364] ChatQuery #12 id:82/200 started
[2.367] ChatQuery #13 id:83/200 started
[2.371] ChannelQuery #11 id:84/200 started
[2.374] ChannelQuery #12 id:85/200 started
[2.451] ChannelQuery #13 id:86/200 started
[2.455] ChatQuery #14 id:87/200 started
[2.458] ChannelQuery #14 id:88/200 started
[2.468] ChatQuery #15 id:89/200 started
[2.472] ChannelQuery #15 id:90/200 started
'gen' sleep 0.5451299910055241 seconds
limit 'ind1' unlocked
[3.096] ChannelQuery #16 id:91/200 started
[3.110] ChannelQuery #17 id:92/200 started
[3.130] ChatQuery #16 id:93/200 started
[3.149] ChatQuery #17 id:94/200 started
[3.153] ChatQuery #18 id:95/200 started
[3.156] ChatQuery #19 id:96/200 started
[3.160] ChannelQuery #18 id:97/200 started
[3.164] ChannelQuery #19 id:98/200 started
[3.168] ChannelQuery #20 id:99/200 started
'ind1' sleep 56.827647807003814 seconds
limit 'gen' unlocked
start
end
run test
[0.009] GeneralQuery #1 id:1/200 started
[0.013] GeneralQuery #2 id:2/200 started
[0.017] GeneralQuery #3 id:3/200 started
[0.020] GeneralQuery #4 id:4/200 started
[0.070] GeneralQuery #5 id:5/200 started
[0.074] GeneralQuery #6 id:6/200 started
[0.078] GeneralQuery #7 id:7/200 started
[0.081] GeneralQuery #8 id:8/200 started
[0.085] GeneralQuery #9 id:9/200 started
[0.089] GeneralQuery #10 id:10/200 started
[0.092] GeneralQuery #11 id:11/200 started
[0.096] GeneralQuery #12 id:12/200 started
[0.099] GeneralQuery #13 id:13/200 started
[0.102] GeneralQuery #14 id:14/200 started
[0.106] GeneralQuery #15 id:15/200 started
[0.109] GeneralQuery #16 id:16/200 started
[0.112] GeneralQuery #17 id:17/200 started
[0.171] GeneralQuery #18 id:18/200 started
[0.175] GeneralQuery #19 id:19/200 started
[0.179] GeneralQuery #20 id:20/200 started
[0.183] GeneralQuery #21 id:21/200 started
[0.186] GeneralQuery #22 id:22/200 started
[0.190] GeneralQuery #23 id:23/200 started
[0.194] GeneralQuery #24 id:24/200 started
[0.198] GeneralQuery #25 id:25/200 started
[0.201] GeneralQuery #26 id:26/200 started
[0.207] GeneralQuery #27 id:27/200 started
[0.211] GeneralQuery #28 id:28/200 started
[0.215] GeneralQuery #29 id:29/200 started
[0.273] GeneralQuery #30 id:30/200 started
'gen' sleep 0.7221048160063219 seconds
[1.006] GeneralQuery #31 id:31/200 started
[1.010] GeneralQuery #32 id:32/200 started
[1.014] GeneralQuery #33 id:33/200 started
[1.073] GeneralQuery #34 id:34/200 started
[1.076] GeneralQuery #35 id:35/200 started
[1.080] GeneralQuery #36 id:36/200 started
[1.084] GeneralQuery #37 id:37/200 started
[1.088] GeneralQuery #38 id:38/200 started
[1.092] GeneralQuery #39 id:39/200 started
[1.095] GeneralQuery #40 id:40/200 started
[1.172] GeneralQuery #41 id:41/200 started
[1.179] GeneralQuery #42 id:42/200 started
[1.189] GeneralQuery #43 id:43/200 started
[1.199] GeneralQuery #44 id:44/200 started
[1.203] GeneralQuery #45 id:45/200 started
[1.269] GeneralQuery #46 id:46/200 started
[1.273] GeneralQuery #47 id:47/200 started
[1.277] GeneralQuery #48 id:48/200 started
[1.280] GeneralQuery #49 id:49/200 started
[1.284] GeneralQuery #50 id:50/200 started
[1.288] GeneralQuery #51 id:51/200 started
[1.291] GeneralQuery #52 id:52/200 started
[1.374] GeneralQuery #53 id:53/200 started
[1.378] GeneralQuery #54 id:54/200 started
[1.381] GeneralQuery #55 id:55/200 started
[1.386] GeneralQuery #56 id:56/200 started
[1.390] GeneralQuery #57 id:57/200 started
[1.394] GeneralQuery #58 id:58/200 started
[1.399] GeneralQuery #59 id:59/200 started
[1.472] GeneralQuery #60 id:60/200 started
'gen' sleep 0.5287122310037375 seconds
[2.011] GeneralQuery #61 id:61/200 started
[2.016] GeneralQuery #62 id:62/200 started
[2.071] GeneralQuery #63 id:63/200 started
[2.075] GeneralQuery #64 id:64/200 started
[2.079] GeneralQuery #65 id:65/200 started
[2.083] GeneralQuery #66 id:66/200 started
[2.088] GeneralQuery #67 id:67/200 started
[2.092] GeneralQuery #68 id:68/200 started
[2.170] GeneralQuery #69 id:69/200 started
[2.174] GeneralQuery #70 id:70/200 started
[2.178] ChannelQuery #1 id:71/200 started
[2.182] ChannelQuery #2 id:72/200 started
[2.188] ChatQuery #1 id:73/200 started
[2.191] ChatQuery #2 id:74/200 started
[2.270] ChatQuery #3 id:75/200 started
[2.272] ChatQuery #4 id:76/200 started
[2.275] ChannelQuery #3 id:77/200 started
[2.279] ChannelQuery #4 id:78/200 started
[2.282] ChannelQuery #5 id:79/200 started
[2.287] ChannelQuery #6 id:80/200 started
[2.291] ChatQuery #5 id:81/200 started
[2.294] ChannelQuery #7 id:82/200 started
[2.297] ChatQuery #6 id:83/200 started
[2.371] ChannelQuery #8 id:84/200 started
[2.382] ChatQuery #7 id:85/200 started
[2.385] ChannelQuery #9 id:86/200 started
[2.390] ChatQuery #8 id:87/200 started
[2.394] ChannelQuery #10 id:88/200 started
[2.397] ChannelQuery #11 id:89/200 started
[2.401] ChatQuery #9 id:90/200 started
'gen' sleep 0.5395953699990059 seconds
limit 'ind1' unlocked
[3.022] ChannelQuery #12 id:91/200 started
[3.074] ChannelQuery #13 id:92/200 started
[3.078] ChannelQuery #14 id:93/200 started
[3.082] ChannelQuery #15 id:94/200 started
[3.086] ChatQuery #10 id:95/200 started
[3.089] ChatQuery #11 id:96/200 started
[3.093] ChatQuery #12 id:97/200 started
[3.096] ChannelQuery #16 id:98/200 started
[3.172] ChannelQuery #17 id:99/200 started
[3.177] ChannelQuery #18 id:100/200 started
[3.180] ChannelQuery #19 id:101/200 started
[3.184] ChatQuery #13 id:102/200 started
[3.188] ChannelQuery #20 id:103/200 started
'ind1' sleep 56.808428871001524 seconds
limit 'gen' unlocked
[3.277] ChatQuery #14 id:104/200 started
[3.282] ChatQuery #15 id:105/200 started
[3.286] ChatQuery #16 id:106/200 started
[3.290] ChatQuery #17 id:107/200 started
[3.370] ChatQuery #18 id:108/200 started
[3.373] ChatQuery #19 id:109/200 started
[3.380] ChatQuery #20 id:110/200 started
[60.140] ChannelQuery #21 id:111/200 started
[60.144] ChannelQuery #22 id:112/200 started
[60.149] ChatQuery #21 id:113/200 started
[60.158] ChatQuery #22 id:114/200 started
[60.163] ChannelQuery #23 id:115/200 started
[60.171] ChannelQuery #24 id:116/200 started
[60.176] ChatQuery #23 id:117/200 started
[60.189] ChatQuery #24 id:118/200 started
[60.196] ChatQuery #25 id:119/200 started
[60.202] ChannelQuery #25 id:120/200 started
[60.207] ChatQuery #26 id:121/200 started
[60.214] ChatQuery #27 id:122/200 started
[60.221] ChannelQuery #26 id:123/200 started
[60.228] ChannelQuery #27 id:124/200 started
[60.233] ChatQuery #28 id:125/200 started
[60.239] ChatQuery #29 id:126/200 started
[60.243] ChannelQuery #28 id:127/200 started
[60.247] ChatQuery #30 id:128/200 started
[60.271] ChannelQuery #29 id:129/200 started
[60.275] ChatQuery #31 id:130/200 started
[60.279] ChatQuery #32 id:131/200 started
[60.284] ChatQuery #33 id:132/200 started
[60.289] ChannelQuery #30 id:133/200 started
[60.294] ChannelQuery #31 id:134/200 started
[60.299] ChatQuery #34 id:135/200 started
[60.305] ChatQuery #35 id:136/200 started
[60.309] ChatQuery #36 id:137/200 started
[60.314] ChannelQuery #32 id:138/200 started
[60.319] ChatQuery #37 id:139/200 started
[60.324] ChannelQuery #33 id:140/200 started
[60.370] ChannelQuery #34 id:141/200 started
'gen' sleep 0.7646724099977291 seconds
limit 'ind1' unlocked
[61.157] ChannelQuery #35 id:142/200 started
[61.171] ChatQuery #38 id:143/200 started
[61.184] ChatQuery #39 id:144/200 started
[61.195] ChannelQuery #36 id:145/200 started
[61.201] ChannelQuery #37 id:146/200 started
[61.216] ChatQuery #40 id:147/200 started
'ind2' sleep 58.87798925500101 seconds
limit 'gen' unlocked
[61.282] ChannelQuery #38 id:148/200 started
[61.286] ChannelQuery #39 id:149/200 started
[61.296] ChannelQuery #40 id:150/200 started
[120.215] ChatQuery #41 id:151/200 started
[120.219] ChatQuery #42 id:152/200 started
[120.222] ChannelQuery #41 id:153/200 started
[120.225] ChannelQuery #42 id:154/200 started
[120.228] ChatQuery #43 id:155/200 started
[120.230] ChannelQuery #43 id:156/200 started
[120.233] ChatQuery #44 id:157/200 started
[120.235] ChannelQuery #44 id:158/200 started
[120.238] ChannelQuery #45 id:159/200 started
[120.240] ChatQuery #45 id:160/200 started
[120.243] ChatQuery #46 id:161/200 started
[120.245] ChatQuery #47 id:162/200 started
[120.248] ChatQuery #48 id:163/200 started
[120.250] ChatQuery #49 id:164/200 started
[120.253] ChannelQuery #46 id:165/200 started
[120.255] ChatQuery #50 id:166/200 started
[120.258] ChatQuery #51 id:167/200 started
[120.260] ChatQuery #52 id:168/200 started
[120.263] ChatQuery #53 id:169/200 started
[120.270] ChannelQuery #47 id:170/200 started
[120.272] ChannelQuery #48 id:171/200 started
[120.275] ChannelQuery #49 id:172/200 started
[120.277] ChatQuery #54 id:173/200 started
[120.280] ChatQuery #55 id:174/200 started
[120.282] ChannelQuery #50 id:175/200 started
[120.285] ChannelQuery #51 id:176/200 started
[120.287] ChannelQuery #52 id:177/200 started
[120.290] ChannelQuery #53 id:178/200 started
[120.293] ChannelQuery #54 id:179/200 started
[120.295] ChatQuery #56 id:180/200 started
[120.297] ChannelQuery #55 id:181/200 started
'gen' sleep 0.9199723900019308 seconds
limit 'ind2' unlocked
[121.224] ChatQuery #57 id:182/200 started
[121.228] ChatQuery #58 id:183/200 started
[121.231] ChannelQuery #56 id:184/200 started
[121.234] ChannelQuery #57 id:185/200 started
[121.237] ChatQuery #59 id:186/200 started
[121.241] ChannelQuery #58 id:187/200 started
[121.244] ChatQuery #60 id:188/200 started
[121.248] ChatQuery #61 id:189/200 started
[121.252] ChannelQuery #59 id:190/200 started
[121.255] ChannelQuery #60 id:191/200 started
'ind1' sleep 58.96421804300189 seconds
limit 'gen' unlocked
'ind2' sleep 58.95142944499821 seconds
limit 'gen' unlocked
[180.279] ChatQuery #62 id:192/200 started
[180.283] ChannelQuery #61 id:193/200 started
[180.299] ChatQuery #63 id:194/200 started
[180.304] ChannelQuery #62 id:195/200 started
[180.315] ChatQuery #64 id:196/200 started
[180.331] ChannelQuery #63 id:197/200 started
[180.348] ChannelQuery #64 id:198/200 started
[180.352] ChannelQuery #65 id:199/200 started
[180.354] ChatQuery #65 id:200/200 started
server started
start
end
run test
[0.007] GeneralQuery #1 id:1/200 started
[0.011] GeneralQuery #2 id:2/200 started
[0.015] GeneralQuery #3 id:3/200 started
[0.019] GeneralQuery #4 id:4/200 started
[0.022] GeneralQuery #5 id:5/200 started
[0.026] GeneralQuery #6 id:6/200 started
[0.030] GeneralQuery #7 id:7/200 started
[0.035] GeneralQuery #8 id:8/200 started
[0.039] GeneralQuery #9 id:9/200 started
[0.093] GeneralQuery #10 id:10/200 started
[0.097] GeneralQuery #11 id:11/200 started
[0.100] GeneralQuery #12 id:12/200 started
[0.104] GeneralQuery #13 id:13/200 started
[0.108] GeneralQuery #14 id:14/200 started
[0.111] GeneralQuery #15 id:15/200 started
[0.114] GeneralQuery #16 id:16/200 started
[0.118] GeneralQuery #17 id:17/200 started
[0.121] GeneralQuery #18 id:18/200 started
[0.125] GeneralQuery #19 id:19/200 started
[0.128] GeneralQuery #20 id:20/200 started
[0.132] GeneralQuery #21 id:21/200 started
[0.136] GeneralQuery #22 id:22/200 started
[0.140] GeneralQuery #23 id:23/200 started
[0.194] GeneralQuery #24 id:24/200 started
[0.198] GeneralQuery #25 id:25/200 started
[0.202] GeneralQuery #26 id:26/200 started
[0.206] GeneralQuery #27 id:27/200 started
[0.210] GeneralQuery #28 id:28/200 started
[0.214] GeneralQuery #29 id:29/200 started
[0.219] GeneralQuery #30 id:30/200 started
'gen' sleep 0.7759453789985855 seconds
[1.008] GeneralQuery #31 id:31/200 started
[1.015] GeneralQuery #32 id:32/200 started
[1.021] GeneralQuery #33 id:33/200 started
[1.026] GeneralQuery #34 id:34/200 started
[1.030] GeneralQuery #35 id:35/200 started
[1.101] GeneralQuery #36 id:36/200 started
[1.108] GeneralQuery #37 id:37/200 started
[1.121] GeneralQuery #38 id:38/200 started
[1.127] GeneralQuery #39 id:39/200 started
[1.191] GeneralQuery #40 id:40/200 started
[1.201] GeneralQuery #41 id:41/200 started
[1.207] GeneralQuery #42 id:42/200 started
[1.213] GeneralQuery #43 id:43/200 started
[1.217] GeneralQuery #44 id:44/200 started
[1.238] GeneralQuery #45 id:45/200 started
[1.294] GeneralQuery #46 id:46/200 started
[1.303] GeneralQuery #47 id:47/200 started
[1.310] GeneralQuery #48 id:48/200 started
[1.328] GeneralQuery #49 id:49/200 started
[1.335] GeneralQuery #50 id:50/200 started
[1.341] GeneralQuery #51 id:51/200 started
[1.396] GeneralQuery #52 id:52/200 started
[1.401] GeneralQuery #53 id:53/200 started
[1.404] GeneralQuery #54 id:54/200 started
[1.408] GeneralQuery #55 id:55/200 started
[1.412] GeneralQuery #56 id:56/200 started
[1.418] GeneralQuery #57 id:57/200 started
[1.423] GeneralQuery #58 id:58/200 started
[1.428] GeneralQuery #59 id:59/200 started
[1.432] GeneralQuery #60 id:60/200 started
'gen' sleep 0.49935276500036707 seconds
[2.014] GeneralQuery #61 id:61/200 started
[2.019] GeneralQuery #62 id:62/200 started
[2.031] GeneralQuery #63 id:63/200 started
[2.035] GeneralQuery #64 id:64/200 started
[2.103] GeneralQuery #65 id:65/200 started
[2.115] GeneralQuery #66 id:66/200 started
[2.128] GeneralQuery #67 id:67/200 started
[2.155] GeneralQuery #68 id:68/200 started
[2.199] GeneralQuery #69 id:69/200 started
[2.220] GeneralQuery #70 id:70/200 started
[2.236] GeneralQuery #71 id:71/200 started
[2.297] ChannelQuery #1 id:72/200 started
[2.309] ChatQuery #1 id:73/200 started
[2.314] ChannelQuery #2 id:74/200 started
[2.319] ChannelQuery #3 id:75/200 started
[2.324] ChatQuery #2 id:76/200 started
[2.329] ChannelQuery #4 id:77/200 started
[2.334] ChannelQuery #5 id:78/200 started
[2.396] ChatQuery #3 id:79/200 started
[2.400] ChannelQuery #6 id:80/200 started
[2.411] ChannelQuery #7 id:81/200 started
[2.417] ChatQuery #4 id:82/200 started
[2.425] ChatQuery #5 id:83/200 started
[2.497] ChatQuery #6 id:84/200 started
[2.517] ChannelQuery #8 id:85/200 started
[2.527] ChatQuery #7 id:86/200 started
[2.543] ChatQuery #8 id:87/200 started
[2.595] ChatQuery #9 id:88/200 started
[2.604] ChannelQuery #9 id:89/200 started
[2.622] ChannelQuery #10 id:90/200 started
'gen' sleep 0.37978148999536643 seconds
[3.081] ChatQuery #10 id:91/200 started
[3.096] ChatQuery #11 id:92/200 started
[3.103] ChatQuery #12 id:93/200 started
[3.107] ChatQuery #13 id:94/200 started
[3.111] ChatQuery #14 id:95/200 started
[3.116] ChatQuery #15 id:96/200 started
[3.121] ChannelQuery #11 id:97/200 started
[3.125] ChannelQuery #12 id:98/200 started
[3.130] ChatQuery #16 id:99/200 started
[3.134] ChannelQuery #13 id:100/200 started
[3.141] ChatQuery #17 id:101/200 started
[3.147] ChatQuery #18 id:102/200 started
[3.151] ChannelQuery #14 id:103/200 started
[3.192] ChannelQuery #15 id:104/200 started
[3.196] ChannelQuery #16 id:105/200 started
[3.212] ChatQuery #19 id:106/200 started
[3.217] ChatQuery #20 id:107/200 started
'ind2' sleep 56.77951515499444 seconds
[60.060] ChatQuery #21 id:108/200 started
[60.064] ChatQuery #22 id:109/200 started
[60.068] ChannelQuery #17 id:110/200 started
[60.071] ChannelQuery #18 id:111/200 started
[60.075] ChannelQuery #19 id:112/200 started
[60.079] ChannelQuery #20 id:113/200 started
[60.083] ChatQuery #23 id:114/200 started
[60.087] ChatQuery #24 id:115/200 started
[60.091] ChatQuery #25 id:116/200 started
[60.095] ChannelQuery #21 id:117/200 started
[60.099] ChannelQuery #22 id:118/200 started
[60.103] ChannelQuery #23 id:119/200 started
[60.106] ChatQuery #26 id:120/200 started
[60.110] ChannelQuery #24 id:121/200 started
[60.113] ChannelQuery #25 id:122/200 started
[60.117] ChatQuery #27 id:123/200 started
[60.122] ChatQuery #28 id:124/200 started
[60.127] ChatQuery #29 id:125/200 started
[60.133] ChatQuery #30 id:126/200 started
[60.137] ChatQuery #31 id:127/200 started
[60.140] ChannelQuery #26 id:128/200 started
[60.143] ChannelQuery #27 id:129/200 started
[60.148] ChannelQuery #28 id:130/200 started
[60.194] ChatQuery #32 id:131/200 started
[60.197] ChannelQuery #29 id:132/200 started
[60.205] ChannelQuery #30 id:133/200 started
[60.210] ChannelQuery #31 id:134/200 started
[60.214] ChannelQuery #32 id:135/200 started
[60.218] ChatQuery #33 id:136/200 started
[60.222] ChannelQuery #33 id:137/200 started
[60.226] ChannelQuery #34 id:138/200 started
'gen' sleep 0.8330525720011792 seconds
[61.069] ChannelQuery #35 id:139/200 started
[61.095] ChatQuery #34 id:140/200 started
[61.099] ChatQuery #35 id:141/200 started
[61.103] ChannelQuery #36 id:142/200 started
[61.110] ChannelQuery #37 id:143/200 started
'ind1' sleep 58.95405145500263 seconds
start
end
run test
[0.007] GeneralQuery #1 id:1/200 started
[0.012] GeneralQuery #2 id:2/200 started
[0.016] GeneralQuery #3 id:3/200 started
[0.019] GeneralQuery #4 id:4/200 started
[0.077] GeneralQuery #5 id:5/200 started
[0.082] GeneralQuery #6 id:6/200 started
[0.087] GeneralQuery #7 id:7/200 started
[0.091] GeneralQuery #8 id:8/200 started
[0.096] GeneralQuery #9 id:9/200 started
[0.100] GeneralQuery #10 id:10/200 started
[0.104] GeneralQuery #11 id:11/200 started
[0.107] GeneralQuery #12 id:12/200 started
[0.111] GeneralQuery #13 id:13/200 started
[0.115] GeneralQuery #14 id:14/200 started
[0.119] GeneralQuery #15 id:15/200 started
[0.124] GeneralQuery #16 id:16/200 started
[0.181] GeneralQuery #17 id:17/200 started
[0.186] GeneralQuery #18 id:18/200 started
[0.191] GeneralQuery #19 id:19/200 started
[0.195] GeneralQuery #20 id:20/200 started
[0.200] GeneralQuery #21 id:21/200 started
[0.204] GeneralQuery #22 id:22/200 started
[0.209] GeneralQuery #23 id:23/200 started
[0.212] GeneralQuery #24 id:24/200 started
[0.216] GeneralQuery #25 id:25/200 started
[0.220] GeneralQuery #26 id:26/200 started
[0.224] GeneralQuery #27 id:27/200 started
[0.228] GeneralQuery #28 id:28/200 started
[0.281] GeneralQuery #29 id:29/200 started
[0.288] GeneralQuery #30 id:30/200 started
'gen' sleep 0.706484267997439 seconds
[1.008] GeneralQuery #31 id:31/200 started
[1.013] GeneralQuery #32 id:32/200 started
[1.018] GeneralQuery #33 id:33/200 started
[1.023] GeneralQuery #34 id:34/200 started
[1.081] GeneralQuery #35 id:35/200 started
[1.086] GeneralQuery #36 id:36/200 started
[1.091] GeneralQuery #37 id:37/200 started
[1.095] GeneralQuery #38 id:38/200 started
[1.104] GeneralQuery #39 id:39/200 started
[1.181] GeneralQuery #40 id:40/200 started
[1.188] GeneralQuery #41 id:41/200 started
[1.193] GeneralQuery #42 id:42/200 started
[1.198] GeneralQuery #43 id:43/200 started
[1.205] GeneralQuery #44 id:44/200 started
[1.212] GeneralQuery #45 id:45/200 started
[1.219] GeneralQuery #46 id:46/200 started
[1.278] GeneralQuery #47 id:47/200 started
[1.285] GeneralQuery #48 id:48/200 started
[1.290] GeneralQuery #49 id:49/200 started
[1.298] GeneralQuery #50 id:50/200 started
[1.304] GeneralQuery #51 id:51/200 started
[1.310] GeneralQuery #52 id:52/200 started
[1.379] GeneralQuery #53 id:53/200 started
[1.389] GeneralQuery #54 id:54/200 started
[1.395] GeneralQuery #55 id:55/200 started
[1.399] GeneralQuery #56 id:56/200 started
[1.404] GeneralQuery #57 id:57/200 started
[1.411] GeneralQuery #58 id:58/200 started
[1.484] GeneralQuery #59 id:59/200 started
[1.499] GeneralQuery #60 id:60/200 started
'gen' sleep 0.49102715499611804 seconds
[2.021] GeneralQuery #61 id:61/200 started
[2.028] GeneralQuery #62 id:62/200 started
[2.033] GeneralQuery #63 id:63/200 started
[2.042] GeneralQuery #64 id:64/200 started
[2.047] GeneralQuery #65 id:65/200 started
[2.078] GeneralQuery #66 id:66/200 started
[2.082] GeneralQuery #67 id:67/200 started
[2.088] GeneralQuery #68 id:68/200 started
[2.092] GeneralQuery #69 id:69/200 started
[2.099] GeneralQuery #70 id:70/200 started
[2.103] GeneralQuery #71 id:71/200 started
[2.107] ChannelQuery #1 id:72/200 started
[2.178] ChatQuery #1 id:73/200 started
[2.187] ChatQuery #2 id:74/200 started
[2.194] ChannelQuery #2 id:75/200 started
[2.203] ChannelQuery #3 id:76/200 started
[2.214] ChatQuery #3 id:77/200 started
[2.218] ChatQuery #4 id:78/200 started
[2.278] ChatQuery #5 id:79/200 started
[2.285] ChatQuery #6 id:80/200 started
[2.293] ChatQuery #7 id:81/200 started
[2.300] ChatQuery #8 id:82/200 started
[2.305] ChannelQuery #4 id:83/200 started
[2.311] ChannelQuery #5 id:84/200 started
[2.386] ChannelQuery #6 id:85/200 started
[2.390] ChatQuery #9 id:86/200 started
[2.400] ChatQuery #10 id:87/200 started
[2.404] ChannelQuery #7 id:88/200 started
[2.417] ChatQuery #11 id:89/200 started
[2.482] ChannelQuery #8 id:90/200 started
'gen' sleep 0.5343607799950405 seconds
limit 'ind1' unlocked
[3.032] ChannelQuery #9 id:91/200 started
[3.089] ChatQuery #12 id:92/200 started
[3.093] ChatQuery #13 id:93/200 started
[3.097] ChannelQuery #10 id:94/200 started
[3.104] ChatQuery #14 id:95/200 started
[3.118] ChannelQuery #11 id:96/200 started
[3.185] ChatQuery #15 id:97/200 started
[3.192] ChatQuery #16 id:98/200 started
[3.206] ChannelQuery #12 id:99/200 started
[3.223] ChannelQuery #13 id:100/200 started
[3.234] ChannelQuery #14 id:101/200 started
[3.239] ChannelQuery #15 id:102/200 started
[3.249] ChatQuery #17 id:103/200 started
[3.286] ChannelQuery #16 id:104/200 started
[3.307] ChatQuery #18 id:105/200 started
[3.314] ChannelQuery #17 id:106/200 started
[3.319] ChatQuery #19 id:107/200 started
[3.337] ChatQuery #20 id:108/200 started
[3.345] ChannelQuery #18 id:109/200 started
'ind2' sleep 56.64875484100048 seconds
limit 'gen' unlocked
[3.380] ChannelQuery #19 id:110/200 started
[60.082] ChatQuery #21 id:111/200 started
[60.086] ChatQuery #22 id:112/200 started
[60.092] ChannelQuery #20 id:113/200 started
[60.098] ChatQuery #23 id:114/200 started
[60.104] ChannelQuery #21 id:115/200 started
[60.110] ChannelQuery #22 id:116/200 started
[60.114] ChatQuery #24 id:117/200 started
[60.118] ChatQuery #25 id:118/200 started
[60.121] ChatQuery #26 id:119/200 started
[60.125] ChannelQuery #23 id:120/200 started
[60.129] ChannelQuery #24 id:121/200 started
[60.137] ChannelQuery #25 id:122/200 started
[60.141] ChatQuery #27 id:123/200 started
[60.144] ChatQuery #28 id:124/200 started
[60.190] ChatQuery #29 id:125/200 started
[60.199] ChatQuery #30 id:126/200 started
[60.205] ChatQuery #31 id:127/200 started
[60.208] ChannelQuery #26 id:128/200 started
[60.212] ChannelQuery #27 id:129/200 started
[60.216] ChatQuery #32 id:130/200 started
[60.220] ChatQuery #33 id:131/200 started
[60.224] ChannelQuery #28 id:132/200 started
[60.228] ChannelQuery #29 id:133/200 started
[60.232] ChatQuery #34 id:134/200 started
[60.241] ChatQuery #35 id:135/200 started
[60.280] ChatQuery #36 id:136/200 started
[60.284] ChatQuery #37 id:137/200 started
[60.287] ChannelQuery #30 id:138/200 started
[60.292] ChatQuery #38 id:139/200 started
[60.296] ChannelQuery #31 id:140/200 started
[60.303] ChatQuery #39 id:141/200 started
'gen' sleep 0.780041097998037 seconds
limit 'ind2' unlocked
[61.093] ChatQuery #40 id:142/200 started
[61.096] ChatQuery #41 id:143/200 started
'ind2' sleep 58.98431699100183 seconds
limit 'gen' unlocked
[120.147] ChatQuery #42 id:144/200 started
[120.152] ChatQuery #43 id:145/200 started
[120.156] ChannelQuery #32 id:146/200 started
[120.163] ChatQuery #44 id:147/200 started
[120.166] ChannelQuery #33 id:148/200 started
[120.170] ChannelQuery #34 id:149/200 started
[120.173] ChannelQuery #35 id:150/200 started
[120.177] ChatQuery #45 id:151/200 started
[120.180] ChannelQuery #36 id:152/200 started
[120.183] ChatQuery #46 id:153/200 started
[120.187] ChannelQuery #37 id:154/200 started
[120.190] ChatQuery #47 id:155/200 started
[120.193] ChannelQuery #38 id:156/200 started
[120.197] ChatQuery #48 id:157/200 started
[120.200] ChatQuery #49 id:158/200 started
[120.205] ChatQuery #50 id:159/200 started
[120.210] ChatQuery #51 id:160/200 started
[120.214] ChatQuery #52 id:161/200 started
[120.217] ChannelQuery #39 id:162/200 started
[120.220] ChannelQuery #40 id:163/200 started
[120.223] ChannelQuery #41 id:164/200 started
[120.226] ChannelQuery #42 id:165/200 started
[120.229] ChannelQuery #43 id:166/200 started
[120.279] ChatQuery #53 id:167/200 started
[120.283] ChatQuery #54 id:168/200 started
[120.288] ChatQuery #55 id:169/200 started
[120.292] ChannelQuery #44 id:170/200 started
[120.297] ChannelQuery #45 id:171/200 started
[120.301] ChannelQuery #46 id:172/200 started
[120.305] ChatQuery #56 id:173/200 started
[120.309] ChannelQuery #47 id:174/200 started
'gen' sleep 0.8398479509996832 seconds
limit 'ind2' unlocked
[121.159] ChatQuery #57 id:175/200 started
[121.162] ChatQuery #58 id:176/200 started
[121.166] ChannelQuery #48 id:177/200 started
[121.170] ChannelQuery #49 id:178/200 started
[121.174] ChatQuery #59 id:179/200 started
[121.177] ChannelQuery #50 id:180/200 started
[121.181] ChatQuery #60 id:181/200 started
[121.184] ChatQuery #61 id:182/200 started
[121.187] ChannelQuery #51 id:183/200 started
'ind1' sleep 58.964830573000654 seconds
limit 'gen' unlocked
[121.199] ChatQuery #62 id:184/200 started
[180.221] ChannelQuery #52 id:185/200 started
[180.224] ChannelQuery #53 id:186/200 started
[180.228] ChannelQuery #54 id:187/200 started
[180.233] ChatQuery #63 id:188/200 started
[180.238] ChatQuery #64 id:189/200 started
[180.243] ChannelQuery #55 id:190/200 started
[180.247] ChatQuery #65 id:191/200 started
[180.251] ChannelQuery #56 id:192/200 started
[180.254] ChannelQuery #57 id:193/200 started
[180.258] ChatQuery #66 id:194/200 started
[180.262] ChatQuery #67 id:195/200 started
[180.266] ChannelQuery #58 id:196/200 started
[180.270] ChatQuery #68 id:197/200 started
[180.281] ChannelQuery #59 id:198/200 started
[180.285] ChatQuery #69 id:199/200 started
[180.288] ChannelQuery #60 id:200/200 started
server started
start
end
run test
[0.007] GeneralQuery #1 id:1/50 started
[0.021] GeneralQuery #2 id:2/50 started
[0.028] GeneralQuery #3 id:3/50 started
[0.067] GeneralQuery #4 id:4/50 started
[0.082] GeneralQuery #5 id:5/50 started
[0.098] GeneralQuery #6 id:6/50 started
[0.112] GeneralQuery #7 id:7/50 started
[0.121] GeneralQuery #8 id:8/50 started
[0.129] GeneralQuery #9 id:9/50 started
[0.133] GeneralQuery #10 id:10/50 started
'gen' sleep 0.8628962180009694 seconds
[1.006] GeneralQuery #11 id:11/50 started
[1.016] GeneralQuery #12 id:12/50 started
[1.023] GeneralQuery #13 id:13/50 started
[1.028] GeneralQuery #14 id:14/50 started
[1.069] GeneralQuery #15 id:15/50 started
[1.076] GeneralQuery #16 id:16/50 started
[1.088] GeneralQuery #17 id:17/50 started
[1.104] ChatQuery #1 id:18/50 started
[1.108] ChannelQuery #1 id:19/50 started
[1.112] ChannelQuery #2 id:20/50 started
'gen' sleep 0.8384574600058841 seconds
limit 'ind1' unlocked
[2.030] ChannelQuery #3 id:21/50 started
[2.073] ChatQuery #2 id:22/50 started
[2.095] ChatQuery #3 id:23/50 started
[2.118] ChatQuery #4 id:24/50 started
[2.167] ChatQuery #5 id:25/50 started
'ind2' sleep 57.81717895100155 seconds
limit 'gen' unlocked
[2.267] ChannelQuery #4 id:26/50 started
[2.296] ChannelQuery #5 id:27/50 started
'ind1' sleep 57.693349266999576 seconds
limit 'gen' unlocked
[60.066] ChannelQuery #6 id:28/50 started
[60.085] ChatQuery #6 id:29/50 started
[60.089] ChatQuery #7 id:30/50 started
[60.092] ChatQuery #8 id:31/50 started
[60.095] ChannelQuery #7 id:32/50 started
[60.097] ChannelQuery #8 id:33/50 started
[60.101] ChannelQuery #9 id:34/50 started
[60.105] ChatQuery #9 id:35/50 started
[60.108] ChatQuery #10 id:36/50 started
[60.116] ChannelQuery #10 id:37/50 started
'ind2' sleep 59.96577497399994 seconds
limit 'gen' unlocked
'ind1' sleep 59.93696254799579 seconds
limit 'gen' unlocked
[120.153] ChatQuery #11 id:38/50 started
[120.157] ChannelQuery #11 id:39/50 started
[120.164] ChatQuery #12 id:40/50 started
[120.168] ChatQuery #13 id:41/50 started
[120.173] ChannelQuery #12 id:42/50 started
[120.177] ChatQuery #14 id:43/50 started
[120.183] ChatQuery #15 id:44/50 started
'ind2' sleep 59.965927295001165 seconds
limit 'gen' unlocked
[180.218] ChatQuery #16 id:45/50 started
[180.222] ChatQuery #17 id:46/50 started
[180.226] ChatQuery #18 id:47/50 started
[180.229] ChannelQuery #13 id:48/50 started
[180.232] ChannelQuery #14 id:49/50 started
[180.236] ChatQuery #19 id:50/50 started
server started
start
end
run test
[0.006] GeneralQuery #1 id:1/50 started
[0.010] GeneralQuery #2 id:2/50 started
[0.064] GeneralQuery #3 id:3/50 started
[0.068] GeneralQuery #4 id:4/50 started
[0.071] GeneralQuery #5 id:5/50 started
[0.074] GeneralQuery #6 id:6/50 started
[0.076] GeneralQuery #7 id:7/50 started
[0.079] GeneralQuery #8 id:8/50 started
[0.082] GeneralQuery #9 id:9/50 started
[0.085] GeneralQuery #10 id:10/50 started
[0.088] GeneralQuery #11 id:11/50 started
[0.091] ChannelQuery #1 id:12/50 started
[0.094] ChatQuery #1 id:13/50 started
[0.097] ChannelQuery #2 id:14/50 started
[0.100] ChannelQuery #3 id:15/50 started
limit 'ind2' unlocked
'gen' sleep 0.8975727440047194 seconds
'gen' sleep done
limit 'gen' unlocked
[1.070] ChatQuery #2 id:16/50 started
[1.073] ChannelQuery #4 id:17/50 started
[1.075] ChatQuery #3 id:18/50 started
[1.078] ChannelQuery #5 id:19/50 started
limit 'gen' unlocked
'ind1' sleep 8.92020615900401 seconds
[1.085] ChatQuery #4 id:20/50 started
[1.089] ChatQuery #5 id:21/50 started
[1.092] ChatQuery #6 id:22/50 started
limit 'gen' unlocked
'ind2' sleep 8.904752351001662 seconds
'ind1' sleep done
limit 'ind1' unlocked
[10.020] ChannelQuery #6 id:23/50 started
'ind2' sleep done
limit 'ind2' unlocked
[10.030] ChatQuery #7 id:24/50 started
[10.034] ChannelQuery #7 id:25/50 started
[10.037] ChatQuery #8 id:26/50 started
[10.041] ChatQuery #9 id:27/50 started
[10.045] ChatQuery #10 id:28/50 started
[10.049] ChannelQuery #8 id:29/50 started
[10.052] ChatQuery #11 id:30/50 started
limit 'gen' unlocked
'ind2' sleep 9.972036334002041 seconds
'ind2' sleep done
limit 'ind2' unlocked
[20.049] ChatQuery #12 id:31/50 started
[20.052] ChatQuery #13 id:32/50 started
[20.056] ChannelQuery #9 id:33/50 started
[20.059] ChatQuery #14 id:34/50 started
[20.063] ChannelQuery #10 id:35/50 started
[20.067] ChannelQuery #11 id:36/50 started
[20.071] ChatQuery #15 id:37/50 started
[20.074] ChannelQuery #12 id:38/50 started
[20.077] ChatQuery #16 id:39/50 started
[20.080] ChannelQuery #13 id:40/50 started
limit 'gen' unlocked
'ind1' sleep 9.972644533998391 seconds
limit 'gen' unlocked
'ind2' sleep 9.95724683500157 seconds
'ind2' sleep done
limit 'ind2' unlocked
[30.071] ChatQuery #17 id:41/50 started
'ind1' sleep done
limit 'ind1' unlocked
[30.082] ChannelQuery #14 id:42/50 started
[30.087] ChatQuery #18 id:43/50 started
[30.091] ChannelQuery #15 id:44/50 started
[30.094] ChannelQuery #16 id:45/50 started
[30.098] ChatQuery #19 id:46/50 started
[30.102] ChannelQuery #17 id:47/50 started
[30.105] ChatQuery #20 id:48/50 started
[30.109] ChannelQuery #18 id:49/50 started
limit 'gen' unlocked
'ind1' sleep 9.915527960998588 seconds
'ind1' sleep done
limit 'ind1' unlocked
[40.105] ChannelQuery #19 id:50/50 started
server started
start
end
run test
[0.006] GeneralQuery #1 id:1/50 started
[0.059] GeneralQuery #2 id:2/50 started
[0.064] GeneralQuery #3 id:3/50 started
[0.068] GeneralQuery #4 id:4/50 started
[0.075] GeneralQuery #5 id:5/50 started
[0.079] GeneralQuery #6 id:6/50 started
[0.083] GeneralQuery #7 id:7/50 started
[0.088] GeneralQuery #8 id:8/50 started
[0.093] GeneralQuery #9 id:9/50 started
[0.098] GeneralQuery #10 id:10/50 started
[0.103] GeneralQuery #11 id:11/50 started
[0.108] GeneralQuery #12 id:12/50 started
[0.161] GeneralQuery #13 id:13/50 started
[0.173] GeneralQuery #14 id:14/50 started
[0.181] GeneralQuery #15 id:15/50 started
limit 'ind1' unlocked
'gen' sleep 0.8118014640058391 seconds
'gen' sleep done
limit 'gen' unlocked
limit 'gen' has 14 tokens
limit 'ind1' has 5 tokens
[1.079] ChannelQuery #1 id:16/50 started
limit 'gen' has 13 tokens
limit 'ind2' has 4 tokens
[1.159] ChatQuery #1 id:17/50 started
limit 'gen' has 12 tokens
limit 'ind1' has 4 tokens
[1.178] ChannelQuery #2 id:18/50 started
limit 'gen' has 11 tokens
limit 'ind2' has 3 tokens
[1.198] ChatQuery #2 id:19/50 started
limit 'gen' has 10 tokens
limit 'ind2' has 2 tokens
[1.283] ChatQuery #3 id:20/50 started
limit 'gen' has 9 tokens
limit 'ind2' has 1 tokens
[1.298] ChatQuery #4 id:21/50 started
limit 'gen' has 8 tokens
limit 'ind1' has 3 tokens
[1.382] ChannelQuery #3 id:22/50 started
limit 'gen' has 7 tokens
limit 'ind2' has 0 tokens
[1.478] ChatQuery #5 id:23/50 started
limit 'gen' has 6 tokens
limit 'ind1' has 2 tokens
[1.519] ChannelQuery #4 id:24/50 started
limit 'gen' unlocked
'ind2' sleep 8.474145766005677 seconds
limit 'gen' has 5 tokens
limit 'ind1' has 1 tokens
[1.563] ChannelQuery #5 id:25/50 started
limit 'gen' has 4 tokens
limit 'ind1' has 0 tokens
[1.580] ChannelQuery #6 id:26/50 started
limit 'gen' unlocked
'ind1' sleep 8.415449082996929 seconds
'ind2' sleep done
limit 'ind2' unlocked
limit 'gen' has 4 tokens
limit 'ind2' has 4 tokens
[10.032] ChatQuery #6 id:27/50 started
'ind1' sleep done
limit 'ind1' unlocked
limit 'gen' has 4 tokens
limit 'ind1' has 4 tokens
[10.055] ChannelQuery #7 id:28/50 started
limit 'gen' has 14 tokens
limit 'ind2' has 3 tokens
[10.080] ChatQuery #7 id:29/50 started
limit 'gen' has 13 tokens
limit 'ind1' has 3 tokens
[10.104] ChannelQuery #8 id:30/50 started
limit 'gen' has 12 tokens
limit 'ind1' has 2 tokens
[10.117] ChannelQuery #9 id:31/50 started
limit 'gen' has 11 tokens
limit 'ind1' has 1 tokens
[10.137] ChannelQuery #10 id:32/50 started
limit 'gen' has 10 tokens
limit 'ind2' has 2 tokens
[10.166] ChatQuery #8 id:33/50 started
limit 'gen' has 9 tokens
limit 'ind2' has 1 tokens
[10.180] ChatQuery #9 id:34/50 started
limit 'gen' has 8 tokens
limit 'ind1' has 0 tokens
[10.197] ChannelQuery #11 id:35/50 started
limit 'gen' unlocked
'ind1' sleep 9.839968889995362 seconds
limit 'gen' has 7 tokens
limit 'ind2' has 0 tokens
[10.273] ChatQuery #10 id:36/50 started
'ind1' sleep done
limit 'ind1' unlocked
limit 'gen' has 7 tokens
limit 'ind1' has 4 tokens
[20.077] ChannelQuery #12 id:37/50 started
limit 'gen' has 14 tokens
limit 'ind1' has 3 tokens
[20.086] ChannelQuery #13 id:38/50 started
limit 'gen' has 13 tokens
limit 'ind1' has 2 tokens
[20.096] ChannelQuery #14 id:39/50 started
limit 'gen' has 12 tokens
limit 'ind2' has 4 tokens
[20.106] ChatQuery #11 id:40/50 started
limit 'gen' has 11 tokens
limit 'ind1' has 1 tokens
[20.165] ChannelQuery #15 id:41/50 started
limit 'gen' has 10 tokens
limit 'ind1' has 0 tokens
[20.175] ChannelQuery #16 id:42/50 started
limit 'gen' unlocked
'ind1' sleep 9.888957613999082 seconds
'ind1' sleep done
limit 'ind1' unlocked
limit 'gen' has 10 tokens
limit 'ind1' has 4 tokens
[30.100] ChannelQuery #17 id:43/50 started
limit 'gen' has 14 tokens
limit 'ind1' has 3 tokens
[30.110] ChannelQuery #18 id:44/50 started
limit 'gen' has 13 tokens
limit 'ind1' has 2 tokens
[30.121] ChannelQuery #19 id:45/50 started
limit 'gen' has 12 tokens
limit 'ind2' has 4 tokens
[30.131] ChatQuery #12 id:46/50 started
limit 'gen' has 11 tokens
limit 'ind1' has 1 tokens
[30.172] ChannelQuery #20 id:47/50 started
limit 'gen' has 10 tokens
limit 'ind2' has 3 tokens
[30.184] ChatQuery #13 id:48/50 started
limit 'gen' has 9 tokens
limit 'ind2' has 2 tokens
[30.198] ChatQuery #14 id:49/50 started
limit 'gen' has 8 tokens
limit 'ind2' has 1 tokens
[30.206] ChatQuery #15 id:50/50 started
server started
start
end
run test
[0.011] GeneralQuery #1 id:1/50 started
[0.015] GeneralQuery #2 id:2/50 started
[0.019] GeneralQuery #3 id:3/50 started
[0.023] GeneralQuery #4 id:4/50 started
[0.026] GeneralQuery #5 id:5/50 started
[0.030] GeneralQuery #6 id:6/50 started
[0.034] GeneralQuery #7 id:7/50 started
[0.038] GeneralQuery #8 id:8/50 started
[0.043] GeneralQuery #9 id:9/50 started
[0.047] GeneralQuery #10 id:10/50 started
[0.050] GeneralQuery #11 id:11/50 started
[0.102] GeneralQuery #12 id:12/50 started
[0.106] GeneralQuery #13 id:13/50 started
[0.111] GeneralQuery #14 id:14/50 started
[0.121] GeneralQuery #15 id:15/50 started
'gen' sleep 0.8720827659999486 seconds
[1.007] GeneralQuery #16 id:16/50 started
[1.012] GeneralQuery #17 id:17/50 started
[1.018] GeneralQuery #18 id:18/50 started
[1.023] GeneralQuery #19 id:19/50 started
[1.027] GeneralQuery #20 id:20/50 started
limit 'gen' has 9 tokens
limit 'ind2' has 4 tokens
[1.104] ChatQuery #1 id:21/50 started
limit 'gen' has 8 tokens
limit 'ind1' has 4 tokens
[1.117] ChannelQuery #1 id:22/50 started
limit 'gen' has 7 tokens
limit 'ind1' has 3 tokens
[1.128] ChannelQuery #2 id:23/50 started
limit 'gen' has 6 tokens
limit 'ind1' has 2 tokens
[1.211] ChannelQuery #3 id:24/50 started
limit 'gen' has 5 tokens
limit 'ind2' has 3 tokens
[1.225] ChatQuery #2 id:25/50 started
limit 'gen' has 4 tokens
limit 'ind2' has 2 tokens
[1.240] ChatQuery #3 id:26/50 started
limit 'gen' has 3 tokens
limit 'ind2' has 1 tokens
[1.301] ChatQuery #4 id:27/50 started
limit 'gen' has 2 tokens
limit 'ind2' has 0 tokens
[1.312] ChatQuery #5 id:28/50 started
limit 'gen' has 1 tokens
limit 'ind1' has 1 tokens
[1.322] ChannelQuery #4 id:29/50 started
limit 'gen' has 0 tokens
limit 'ind1' has 0 tokens
[1.333] ChannelQuery #5 id:30/50 started
'ind1' sleep 8.66269572100282 seconds
'ind1' sleep done
limit 'ind1' unlocked
[10.017] ChannelQuery #6 id:31/50 started
############################
End program cause error:
Traceback (most recent call last):
  File "/nix/store/hd4cc9rh83j291r5539hkf6qd8lgiikb-python3-3.10.8/lib/python3.10/asyncio/locks.py", line 214, in wait
    await fut
asyncio.exceptions.CancelledError

During handling of the above exception, another exception occurred:

Traceback (most recent call last):
  File "/nix/store/hd4cc9rh83j291r5539hkf6qd8lgiikb-python3-3.10.8/lib/python3.10/asyncio/tasks.py", line 456, in wait_for
    return fut.result()
asyncio.exceptions.CancelledError

The above exception was the direct cause of the following exception:

Traceback (most recent call last):
  File "/home/runner/Tiest-bota/venv/lib/python3.10/site-packages/hypercorn/asyncio/lifespan.py", line 76, in wait_for_startup
    await asyncio.wait_for(self.startup.wait(), timeout=self.config.startup_timeout)
  File "/nix/store/hd4cc9rh83j291r5539hkf6qd8lgiikb-python3-3.10.8/lib/python3.10/asyncio/tasks.py", line 458, in wait_for
    raise exceptions.TimeoutError() from exc
asyncio.exceptions.TimeoutError

The above exception was the direct cause of the following exception:

Traceback (most recent call last):
  File "main.py", line 176, in <module>
    LOOP.run_until_complete(start_server())
  File "/nix/store/hd4cc9rh83j291r5539hkf6qd8lgiikb-python3-3.10.8/lib/python3.10/asyncio/base_events.py", line 649, in run_until_complete
    return future.result()
  File "main.py", line 172, in start_server
    await serve(APP, hypercorn_quart_cfg)
  File "/home/runner/Tiest-bota/venv/lib/python3.10/site-packages/hypercorn/asyncio/__init__.py", line 49, in serve
    await worker_serve(
  File "/home/runner/Tiest-bota/venv/lib/python3.10/site-packages/hypercorn/asyncio/run.py", line 77, in worker_serve
    await lifespan.wait_for_startup()
  File "/home/runner/Tiest-bota/venv/lib/python3.10/site-packages/hypercorn/asyncio/lifespan.py", line 78, in wait_for_startup
    raise LifespanTimeoutError("startup") from error
hypercorn.utils.LifespanTimeoutError: Timeout whilst awaiting startup. Your application may not support the ASGI Lifespan protocol correctly, alternatively the startup_timeout configuration is incorrect.
start
end
run test
[0.005] GeneralQuery #1 id:1/50 started
[0.009] GeneralQuery #2 id:2/50 started
[0.014] GeneralQuery #3 id:3/50 started
[0.020] GeneralQuery #4 id:4/50 started
[0.025] GeneralQuery #5 id:5/50 started
[0.030] GeneralQuery #6 id:6/50 started
[0.034] GeneralQuery #7 id:7/50 started
[0.038] GeneralQuery #8 id:8/50 started
[0.042] GeneralQuery #9 id:9/50 started
[0.095] GeneralQuery #10 id:10/50 started
[0.108] GeneralQuery #11 id:11/50 started
[0.113] GeneralQuery #12 id:12/50 started
[0.121] GeneralQuery #13 id:13/50 started
[0.127] GeneralQuery #14 id:14/50 started
[0.131] GeneralQuery #15 id:15/50 started
limit 'ind1' unlocked
'gen' sleep 0.8640988069964806 seconds
'gen' sleep done
limit 'gen' unlocked
[1.019] ChannelQuery #1 id:16/50 started
limit 'gen' has 13 tokens
limit 'ind1' has 4 tokens
[1.109] ChannelQuery #2 id:17/50 started
limit 'gen' has 12 tokens
limit 'ind2' has 4 tokens
[1.119] ChatQuery #1 id:18/50 started
limit 'gen' has 11 tokens
limit 'ind2' has 3 tokens
[1.193] ChatQuery #2 id:19/50 started
limit 'gen' has 10 tokens
limit 'ind2' has 2 tokens
[1.205] ChatQuery #3 id:20/50 started
limit 'gen' has 9 tokens
limit 'ind1' has 3 tokens
[1.219] ChannelQuery #3 id:21/50 started
limit 'gen' has 8 tokens
limit 'ind2' has 1 tokens
[1.234] ChatQuery #4 id:22/50 started
limit 'gen' has 7 tokens
limit 'ind2' has 0 tokens
[1.297] ChatQuery #5 id:23/50 started
limit 'gen' unlocked
'ind2' sleep 8.695356575997721 seconds
limit 'gen' has 6 tokens
limit 'ind1' has 2 tokens
[1.326] ChannelQuery #4 id:24/50 started
'ind2' sleep done
limit 'ind2' unlocked
[10.023] ChatQuery #6 id:25/50 started
limit 'gen' has 14 tokens
limit 'ind2' has 3 tokens
[10.032] ChatQuery #7 id:26/50 started
limit 'gen' has 13 tokens
limit 'ind2' has 2 tokens
[10.043] ChatQuery #8 id:27/50 started
limit 'gen' has 12 tokens
limit 'ind1' has 4 tokens
[10.051] ChannelQuery #5 id:28/50 started
limit 'gen' has 11 tokens
limit 'ind2' has 1 tokens
[10.059] ChatQuery #9 id:29/50 started
limit 'gen' has 10 tokens
limit 'ind2' has 0 tokens
[10.093] ChatQuery #10 id:30/50 started
limit 'gen' unlocked
'ind2' sleep 9.922842499996477 seconds
limit 'gen' has 9 tokens
limit 'ind1' has 3 tokens
[10.109] ChannelQuery #6 id:31/50 started
limit 'gen' has 8 tokens
limit 'ind1' has 2 tokens
[10.118] ChannelQuery #7 id:32/50 started
limit 'gen' has 7 tokens
limit 'ind1' has 1 tokens
[10.127] ChannelQuery #8 id:33/50 started
'ind2' sleep done
limit 'ind2' unlocked
[20.042] ChatQuery #11 id:34/50 started
limit 'gen' has 14 tokens
limit 'ind2' has 3 tokens
[20.051] ChatQuery #12 id:35/50 started
limit 'gen' has 13 tokens
limit 'ind2' has 2 tokens
[20.062] ChatQuery #13 id:36/50 started
limit 'gen' has 12 tokens
limit 'ind1' has 4 tokens
[20.072] ChannelQuery #9 id:37/50 started
limit 'gen' has 11 tokens
limit 'ind1' has 3 tokens
[20.080] ChannelQuery #10 id:38/50 started
limit 'gen' has 10 tokens
limit 'ind2' has 1 tokens
[20.100] ChatQuery #14 id:39/50 started
limit 'gen' has 9 tokens
limit 'ind1' has 2 tokens
[20.109] ChannelQuery #11 id:40/50 started
limit 'gen' has 8 tokens
limit 'ind2' has 0 tokens
[20.118] ChatQuery #15 id:41/50 started
limit 'gen' has 7 tokens
limit 'ind1' has 1 tokens
[20.127] ChannelQuery #12 id:42/50 started
limit 'gen' unlocked
'ind2' sleep 9.908719432001817 seconds
'ind2' sleep done
limit 'ind2' unlocked
[30.061] ChatQuery #16 id:43/50 started
limit 'gen' has 14 tokens
limit 'ind2' has 3 tokens
[30.070] ChatQuery #17 id:44/50 started
limit 'gen' has 13 tokens
limit 'ind1' has 4 tokens
[30.082] ChannelQuery #13 id:45/50 started
limit 'gen' has 12 tokens
limit 'ind1' has 3 tokens
[30.091] ChannelQuery #14 id:46/50 started
limit 'gen' has 11 tokens
limit 'ind1' has 2 tokens
[30.102] ChannelQuery #15 id:47/50 started
limit 'gen' has 10 tokens
limit 'ind2' has 2 tokens
[30.111] ChatQuery #18 id:48/50 started
limit 'gen' has 9 tokens
limit 'ind2' has 1 tokens
[30.119] ChatQuery #19 id:49/50 started
limit 'gen' has 8 tokens
limit 'ind2' has 0 tokens
[30.129] ChatQuery #20 id:50/50 started
server started
start
end
run test
waiting unlocks ('gen', 'ind1')
waiting unlocks ('gen', 'ind1')
[0.060] GeneralQuery #1 id:1/50 started
waiting unlocks ('gen', 'ind2')
[0.068] GeneralQuery #2 id:2/50 started
waiting unlocks ('gen', 'ind1')
waiting unlocks ('gen', 'ind2')
waiting unlocks ('gen', 'ind1')
waiting unlocks ('gen', 'ind2')
waiting unlocks ('gen', 'ind1')
[0.091] GeneralQuery #3 id:3/50 started
[0.094] GeneralQuery #4 id:4/50 started
[0.097] GeneralQuery #5 id:5/50 started
waiting unlocks ('gen', 'ind1')
waiting unlocks ('gen', 'ind2')
waiting unlocks ('gen', 'ind2')
waiting unlocks ('gen', 'ind1')
waiting unlocks ('gen', 'ind2')
waiting unlocks ('gen', 'ind2')
waiting unlocks ('gen', 'ind2')
[0.178] GeneralQuery #6 id:6/50 started
waiting unlocks ('gen', 'ind2')
waiting unlocks ('gen', 'ind2')
waiting unlocks ('gen', 'ind2')
waiting unlocks ('gen', 'ind1')
waiting unlocks ('gen', 'ind1')
waiting unlocks ('gen', 'ind2')
[0.254] GeneralQuery #7 id:7/50 started
waiting unlocks ('gen', 'ind2')
waiting unlocks ('gen', 'ind2')
waiting unlocks ('gen', 'ind2')
[0.270] GeneralQuery #8 id:8/50 started
[0.274] GeneralQuery #9 id:9/50 started
waiting unlocks ('gen', 'ind2')
waiting unlocks ('gen', 'ind1')
waiting unlocks ('gen', 'ind2')
[0.290] GeneralQuery #10 id:10/50 started
waiting unlocks ('gen', 'ind1')
waiting unlocks ('gen', 'ind2')
waiting unlocks ('gen', 'ind1')
waiting unlocks ('gen', 'ind1')
waiting unlocks ('gen', 'ind1')
waiting unlocks ('gen', 'ind1')
waiting unlocks ('gen', 'ind2')
[0.380] GeneralQuery #11 id:11/50 started
[0.383] GeneralQuery #12 id:12/50 started
waiting unlocks ('gen', 'ind1')
waiting unlocks ('gen', 'ind2')
waiting unlocks ('gen', 'ind2')
waiting unlocks ('gen', 'ind1')
limit 'gen' has 2 tokens
limit 'ind1' has 4 tokens
[0.462] ChannelQuery #1 id:13/50 started
limit 'gen' has 1 tokens
limit 'ind1' has 3 tokens
[0.470] ChannelQuery #2 id:14/50 started
limit 'gen' has 0 tokens
limit 'ind2' has 4 tokens
[0.479] ChatQuery #1 id:15/50 started
limit 'ind1' unlocked
'gen' sleep 0.5180204770003911 seconds
'gen' sleep done
limit 'gen' unlocked
[1.016] ChannelQuery #3 id:16/50 started
limit 'gen' has 13 tokens
limit 'ind2' has 3 tokens
[1.026] ChatQuery #2 id:17/50 started
limit 'gen' has 12 tokens
limit 'ind1' has 2 tokens
[1.034] ChannelQuery #4 id:18/50 started
limit 'gen' has 11 tokens
limit 'ind2' has 2 tokens
[1.044] ChatQuery #3 id:19/50 started
limit 'gen' has 10 tokens
limit 'ind1' has 1 tokens
[1.054] ChannelQuery #5 id:20/50 started
limit 'gen' has 9 tokens
limit 'ind1' has 0 tokens
[1.063] ChannelQuery #6 id:21/50 started
limit 'gen' has 8 tokens
limit 'ind2' has 1 tokens
[1.073] ChatQuery #4 id:22/50 started
limit 'gen' has 7 tokens
limit 'ind2' has 0 tokens
[1.081] ChatQuery #5 id:23/50 started
limit 'gen' unlocked
'ind1' sleep 8.915676600998268 seconds
limit 'gen' unlocked
'ind2' sleep 8.909575372003019 seconds
'ind1' sleep done
limit 'ind1' unlocked
[10.022] ChannelQuery #7 id:24/50 started
'ind2' sleep done
limit 'ind2' unlocked
[10.033] ChatQuery #6 id:25/50 started
limit 'gen' has 14 tokens
limit 'ind2' has 3 tokens
[10.044] ChatQuery #7 id:26/50 started
limit 'gen' has 13 tokens
limit 'ind2' has 2 tokens
[10.059] ChatQuery #8 id:27/50 started
limit 'gen' has 12 tokens
limit 'ind2' has 1 tokens
[10.071] ChatQuery #9 id:28/50 started
limit 'gen' has 11 tokens
limit 'ind2' has 0 tokens
[10.085] ChatQuery #10 id:29/50 started
limit 'gen' unlocked
'ind2' sleep 9.940433748000942 seconds
limit 'gen' has 10 tokens
limit 'ind1' has 3 tokens
[10.152] ChannelQuery #8 id:30/50 started
limit 'gen' has 9 tokens
limit 'ind1' has 2 tokens
[10.162] ChannelQuery #9 id:31/50 started
'ind2' sleep done
limit 'ind2' unlocked
[20.058] ChatQuery #11 id:32/50 started
limit 'gen' has 14 tokens
limit 'ind2' has 3 tokens
[20.071] ChatQuery #12 id:33/50 started
limit 'gen' has 13 tokens
limit 'ind2' has 2 tokens
[20.083] ChatQuery #13 id:34/50 started
limit 'gen' has 12 tokens
limit 'ind2' has 1 tokens
[20.093] ChatQuery #14 id:35/50 started
limit 'gen' has 11 tokens
limit 'ind2' has 0 tokens
[20.146] ChatQuery #15 id:36/50 started
limit 'gen' unlocked
'ind2' sleep 9.902370013995096 seconds
limit 'gen' has 10 tokens
limit 'ind1' has 4 tokens
[20.164] ChannelQuery #10 id:37/50 started
'ind2' sleep done
limit 'ind2' unlocked
[30.074] ChatQuery #16 id:38/50 started
limit 'gen' has 14 tokens
limit 'ind2' has 3 tokens
[30.083] ChatQuery #17 id:39/50 started
limit 'gen' has 13 tokens
limit 'ind1' has 3 tokens
[30.091] ChannelQuery #11 id:40/50 started
limit 'gen' has 12 tokens
limit 'ind2' has 2 tokens
[30.098] ChatQuery #18 id:41/50 started
limit 'gen' has 11 tokens
limit 'ind1' has 2 tokens
[30.106] ChannelQuery #12 id:42/50 started
limit 'gen' has 10 tokens
limit 'ind1' has 1 tokens
[30.114] ChannelQuery #13 id:43/50 started
limit 'gen' has 9 tokens
limit 'ind1' has 0 tokens
[30.158] ChannelQuery #14 id:44/50 started
limit 'gen' has 8 tokens
limit 'ind1' has 4 tokens
[30.177] ChannelQuery #15 id:45/50 started
limit 'gen' has 7 tokens
limit 'ind2' has 1 tokens
[30.189] ChatQuery #19 id:46/50 started
limit 'gen' has 6 tokens
limit 'ind1' has 3 tokens
[30.197] ChannelQuery #16 id:47/50 started
limit 'gen' has 5 tokens
limit 'ind2' has 0 tokens
[30.249] ChatQuery #20 id:48/50 started
limit 'gen' unlocked
'ind2' sleep 9.819338665001851 seconds
limit 'gen' has 4 tokens
limit 'ind1' has 2 tokens
[30.262] ChannelQuery #17 id:49/50 started
'ind2' sleep done
limit 'ind2' unlocked
[40.096] ChatQuery #21 id:50/50 started
server started
start
end
server started
start
end
server started
start
end
server started
start
end
server started
start
end
server started
start
end
server started
